Release 14.7 - xst P.20131013 (nt)
Copyright (c) 1995-2013 Xilinx, Inc.  All rights reserved.
--> Parameter TMPDIR set to xst/projnav.tmp


Total REAL time to Xst completion: 1.00 secs
Total CPU time to Xst completion: 0.31 secs
 
--> Parameter xsthdpdir set to xst


Total REAL time to Xst completion: 1.00 secs
Total CPU time to Xst completion: 0.31 secs
 
--> Reading design: alu.prj

TABLE OF CONTENTS
  1) Synthesis Options Summary
  2) HDL Parsing
  3) HDL Elaboration
  4) HDL Synthesis
       4.1) HDL Synthesis Report
  5) Advanced HDL Synthesis
       5.1) Advanced HDL Synthesis Report
  6) Low Level Synthesis
  7) Partition Report
  8) Design Summary
       8.1) Primitive and Black Box Usage
       8.2) Device utilization summary
       8.3) Partition Resource Summary
       8.4) Timing Report
            8.4.1) Clock Information
            8.4.2) Asynchronous Control Signals Information
            8.4.3) Timing Summary
            8.4.4) Timing Details
            8.4.5) Cross Clock Domains Report


=========================================================================
*                      Synthesis Options Summary                        *
=========================================================================
---- Source Parameters
Input File Name                    : "alu.prj"
Ignore Synthesis Constraint File   : NO

---- Target Parameters
Output File Name                   : "alu"
Output Format                      : NGC
Target Device                      : xc7k325t-2-ffg900

---- Source Options
Top Module Name                    : alu
Automatic FSM Extraction           : YES
FSM Encoding Algorithm             : Auto
Safe Implementation                : No
FSM Style                          : LUT
RAM Extraction                     : Yes
RAM Style                          : Auto
ROM Extraction                     : Yes
Shift Register Extraction          : YES
ROM Style                          : Auto
Resource Sharing                   : YES
Asynchronous To Synchronous        : NO
Shift Register Minimum Size        : 2
Use DSP Block                      : Auto
Automatic Register Balancing       : No

---- Target Options
LUT Combining                      : Auto
Reduce Control Sets                : Auto
Add IO Buffers                     : YES
Global Maximum Fanout              : 100000
Add Generic Clock Buffer(BUFG)     : 32
Register Duplication               : YES
Optimize Instantiated Primitives   : NO
Use Clock Enable                   : Auto
Use Synchronous Set                : Auto
Use Synchronous Reset              : Auto
Pack IO Registers into IOBs        : Auto
Equivalent register Removal        : YES

---- General Options
Optimization Goal                  : Speed
Optimization Effort                : 1
Power Reduction                    : NO
Keep Hierarchy                     : No
Netlist Hierarchy                  : As_Optimized
RTL Output                         : Yes
Global Optimization                : AllClockNets
Read Cores                         : YES
Write Timing Constraints           : NO
Cross Clock Analysis               : NO
Hierarchy Separator                : /
Bus Delimiter                      : <>
Case Specifier                     : Maintain
Slice Utilization Ratio            : 100
BRAM Utilization Ratio             : 100
DSP48 Utilization Ratio            : 100
Auto BRAM Packing                  : NO
Slice Utilization Ratio Delta      : 5

=========================================================================


=========================================================================
*                          HDL Parsing                                  *
=========================================================================
Analyzing Verilog file "D:\computer\ALU\alu.v" into library work
Parsing module <alu>.

=========================================================================
*                            HDL Elaboration                            *
=========================================================================

Elaborating module <alu>.
WARNING:HDLCompiler:413 - "D:\computer\ALU\alu.v" Line 76: Result of 32-bit expression is truncated to fit in 1-bit target.

=========================================================================
*                           HDL Synthesis                               *
=========================================================================

Synthesizing Unit <alu>.
    Related source file is "D:\computer\ALU\alu.v".
        Add = 3'b000
        Addu = 3'b010
        Sub = 3'b001
        Subu = 3'b011
        And = 3'b100
        Or = 3'b101
        Xor = 3'b110
        Lui1 = 3'b111
    Found 33-bit subtractor for signal <GND_1_o_GND_1_o_sub_4_OUT> created at line 47.
    Found 33-bit subtractor for signal <sa[31]_sb[31]_sub_6_OUT> created at line 53.
    Found 33-bit adder for signal <n0052> created at line 44.
    Found 33-bit adder for signal <sa[31]_sb[31]_add_4_OUT> created at line 50.
    Found 33-bit 8-to-1 multiplexer for signal <_n0108> created at line 39.
    Summary:
	inferred   4 Adder/Subtractor(s).
	inferred   2 Multiplexer(s).
Unit <alu> synthesized.

=========================================================================
HDL Synthesis Report

Macro Statistics
# Adders/Subtractors                                   : 4
 33-bit adder                                          : 2
 33-bit subtractor                                     : 2
# Multiplexers                                         : 2
 33-bit 2-to-1 multiplexer                             : 1
 33-bit 8-to-1 multiplexer                             : 1
# Xors                                                 : 1
 33-bit xor2                                           : 1

=========================================================================

=========================================================================
*                       Advanced HDL Synthesis                          *
=========================================================================


=========================================================================
Advanced HDL Synthesis Report

Macro Statistics
# Adders/Subtractors                                   : 4
 33-bit adder                                          : 2
 33-bit subtractor                                     : 2
# Multiplexers                                         : 2
 33-bit 2-to-1 multiplexer                             : 1
 33-bit 8-to-1 multiplexer                             : 1
# Xors                                                 : 1
 33-bit xor2                                           : 1

=========================================================================

=========================================================================
*                         Low Level Synthesis                           *
=========================================================================

Optimizing unit <alu> ...

Mapping all equations...
Building and optimizing final netlist ...
Found area constraint ratio of 100 (+ 5) on block alu, actual ratio is 0.

Final Macro Processing ...

=========================================================================
Final Register Report

Found no macro
=========================================================================

=========================================================================
*                           Partition Report                            *
=========================================================================

Partition Implementation Status
-------------------------------

  No Partitions were found in this design.

-------------------------------

=========================================================================
*                            Design Summary                             *
=========================================================================

Top Level Output File Name         : alu.ngc

Primitive and Black Box Usage:
------------------------------
# BELS                             : 513
#      GND                         : 1
#      LUT2                        : 131
#      LUT3                        : 17
#      LUT5                        : 50
#      LUT6                        : 38
#      MUXCY                       : 128
#      MUXF7                       : 16
#      VCC                         : 1
#      XORCY                       : 131
# IO Buffers                       : 102
#      IBUF                        : 68
#      OBUF                        : 34

Device utilization summary:
---------------------------

Selected Device : 7k325tffg900-2 


Slice Logic Utilization: 
 Number of Slice LUTs:                  236  out of  203800     0%  
    Number used as Logic:               236  out of  203800     0%  

Slice Logic Distribution: 
 Number of LUT Flip Flop pairs used:    236
   Number with an unused Flip Flop:     236  out of    236   100%  
   Number with an unused LUT:             0  out of    236     0%  
   Number of fully used LUT-FF pairs:     0  out of    236     0%  
   Number of unique control sets:         0

IO Utilization: 
 Number of IOs:                         102
 Number of bonded IOBs:                 102  out of    500    20%  

Specific Feature Utilization:

---------------------------
Partition Resource Summary:
---------------------------

  No Partitions were found in this design.

---------------------------


=========================================================================
Timing Report

NOTE: THESE TIMING NUMBERS ARE ONLY A SYNTHESIS ESTIMATE.
      FOR ACCURATE TIMING INFORMATION PLEASE REFER TO THE TRACE REPORT
      GENERATED AFTER PLACE-and-ROUTE.

Clock Information:
------------------
No clock signals found in this design

Asynchronous Control Signals Information:
----------------------------------------
No asynchronous control signals found in this design

Timing Summary:
---------------
Speed Grade: -2

   Minimum period: No path found
   Minimum input arrival time before clock: No path found
   Maximum output required time after clock: No path found
   Maximum combinational path delay: 4.260ns

Timing Details:
---------------
All values displayed in nanoseconds (ns)

=========================================================================
Timing constraint: Default path analysis
  Total number of paths / destination ports: 15770 / 34
-------------------------------------------------------------------------
Delay:               4.260ns (Levels of Logic = 10)
  Source:            a<0> (PAD)
  Destination:       zero (PAD)

  Data Path: a<0> to zero
                                Gate     Net
    Cell:in->out      fanout   Delay   Delay  Logical Name (Net Name)
    ----------------------------------------  ------------
     IBUF:I->O             5   0.000   0.428  a_0_IBUF (a_0_IBUF)
     LUT2:I0->O            1   0.043   0.000  Msub_sa[31]_sb[31]_sub_6_OUT_lut<0> (Msub_sa[31]_sb[31]_sub_6_OUT_lut<0>)
     MUXCY:S->O            1   0.238   0.000  Msub_sa[31]_sb[31]_sub_6_OUT_cy<0> (Msub_sa[31]_sb[31]_sub_6_OUT_cy<0>)
     XORCY:CI->O           1   0.262   0.495  Msub_sa[31]_sb[31]_sub_6_OUT_xor<1> (sa[31]_sb[31]_sub_6_OUT<1>)
     LUT5:I2->O            1   0.043   0.405  Mmux_result133 (Mmux_result132)
     LUT6:I4->O            2   0.043   0.618  Mmux_result134 (r_1_OBUF)
     LUT6:I0->O            1   0.043   0.613  r[31]_GND_1_o_equal_22_o<31>3 (r[31]_GND_1_o_equal_22_o<31>2)
     LUT6:I0->O            1   0.043   0.603  r[31]_GND_1_o_equal_22_o<31>4 (r[31]_GND_1_o_equal_22_o<31>3)
     LUT6:I1->O            1   0.043   0.339  r[31]_GND_1_o_equal_22_o<31>8 (zero_OBUF)
     OBUF:I->O                 0.000          zero_OBUF (zero)
    ----------------------------------------
    Total                      4.260ns (0.758ns logic, 3.502ns route)
                                       (17.8% logic, 82.2% route)

=========================================================================

Cross Clock Domains Report:
--------------------------

=========================================================================


Total REAL time to Xst completion: 14.00 secs
Total CPU time to Xst completion: 13.43 secs
 
--> 

Total memory usage is 296016 kilobytes

Number of errors   :    0 (   0 filtered)
Number of warnings :    1 (   0 filtered)
Number of infos    :    0 (   0 filtered)

